0:0:0:0:0:0:0:1 - - [29/Oct/2017:19:20:26 +0900] "GET /vendor/css/sb-admin-2.min.css HTTP/1.1" 200 1905 "http://localhost:8080/" "Mozilla/5.0 (Windows NT 10.0; Win64; x64) AppleWebKit/537.36 (KHTML, like Gecko) Chrome/61.0.3163.100 Safari/537.36"
0:0:0:0:0:0:0:1 - - [29/Oct/2017:19:20:26 +0900] "GET /webjars/metisMenu/1.1.3/metisMenu.min.css HTTP/1.1" 200 365 "http://localhost:8080/" "Mozilla/5.0 (Windows NT 10.0; Win64; x64) AppleWebKit/537.36 (KHTML, like Gecko) Chrome/61.0.3163.100 Safari/537.36"
0:0:0:0:0:0:0:1 - - [29/Oct/2017:19:20:26 +0900] "GET /vendor/css/dataTables.responsive.css HTTP/1.1" 200 633 "http://localhost:8080/" "Mozilla/5.0 (Windows NT 10.0; Win64; x64) AppleWebKit/537.36 (KHTML, like Gecko) Chrome/61.0.3163.100 Safari/537.36"
0:0:0:0:0:0:0:1 - - [29/Oct/2017:19:20:26 +0900] "GET /webjars/datatables-plugins/1.10.15/integration/bootstrap/3/dataTables.bootstrap.css HTTP/1.1" 200 1931 "http://localhost:8080/" "Mozilla/5.0 (Windows NT 10.0; Win64; x64) AppleWebKit/537.36 (KHTML, like Gecko) Chrome/61.0.3163.100 Safari/537.36"
0:0:0:0:0:0:0:1 - - [29/Oct/2017:19:20:26 +0900] "GET /webjars/bootstrap/3.3.7/css/bootstrap.min.css HTTP/1.1" 200 19740 "http://localhost:8080/" "Mozilla/5.0 (Windows NT 10.0; Win64; x64) AppleWebKit/537.36 (KHTML, like Gecko) Chrome/61.0.3163.100 Safari/537.36"
0:0:0:0:0:0:0:1 - - [29/Oct/2017:19:20:26 +0900] "GET /webjars/morrisjs/0.5.0/morris.css HTTP/1.1" 200 252 "http://localhost:8080/" "Mozilla/5.0 (Windows NT 10.0; Win64; x64) AppleWebKit/537.36 (KHTML, like Gecko) Chrome/61.0.3163.100 Safari/537.36"
0:0:0:0:0:0:0:1 - - [29/Oct/2017:19:20:26 +0900] "GET /webjars/font-awesome/4.6.3/css/font-awesome.min.css HTTP/1.1" 200 6662 "http://localhost:8080/" "Mozilla/5.0 (Windows NT 10.0; Win64; x64) AppleWebKit/537.36 (KHTML, like Gecko) Chrome/61.0.3163.100 Safari/537.36"
0:0:0:0:0:0:0:1 - - [29/Oct/2017:19:20:26 +0900] "GET / HTTP/1.1" 200 5728 "-" "Mozilla/5.0 (Windows NT 10.0; Win64; x64) AppleWebKit/537.36 (KHTML, like Gecko) Chrome/61.0.3163.100 Safari/537.36"
0:0:0:0:0:0:0:1 - - [29/Oct/2017:19:20:26 +0900] "GET /webjars/metisMenu/1.1.3/metisMenu.min.js HTTP/1.1" 200 808 "http://localhost:8080/" "Mozilla/5.0 (Windows NT 10.0; Win64; x64) AppleWebKit/537.36 (KHTML, like Gecko) Chrome/61.0.3163.100 Safari/537.36"
0:0:0:0:0:0:0:1 - - [29/Oct/2017:19:20:26 +0900] "GET /webjars/bootstrap/3.3.7/js/bootstrap.min.js HTTP/1.1" 200 9832 "http://localhost:8080/" "Mozilla/5.0 (Windows NT 10.0; Win64; x64) AppleWebKit/537.36 (KHTML, like Gecko) Chrome/61.0.3163.100 Safari/537.36"
0:0:0:0:0:0:0:1 - - [29/Oct/2017:19:20:26 +0900] "GET /webjars/datatables-plugins/1.10.15/integration/bootstrap/3/dataTables.bootstrap.min.js HTTP/1.1" 200 1101 "http://localhost:8080/" "Mozilla/5.0 (Windows NT 10.0; Win64; x64) AppleWebKit/537.36 (KHTML, like Gecko) Chrome/61.0.3163.100 Safari/537.36"
0:0:0:0:0:0:0:1 - - [29/Oct/2017:19:20:26 +0900] "GET /webjars/datatables-responsive/2.2.0/js/dataTables.responsive.js HTTP/1.1" 200 11454 "http://localhost:8080/" "Mozilla/5.0 (Windows NT 10.0; Win64; x64) AppleWebKit/537.36 (KHTML, like Gecko) Chrome/61.0.3163.100 Safari/537.36"
0:0:0:0:0:0:0:1 - - [29/Oct/2017:19:20:26 +0900] "GET /webjars/jquery/3.2.1/dist/jquery.min.js HTTP/1.1" 200 30178 "http://localhost:8080/" "Mozilla/5.0 (Windows NT 10.0; Win64; x64) AppleWebKit/537.36 (KHTML, like Gecko) Chrome/61.0.3163.100 Safari/537.36"
0:0:0:0:0:0:0:1 - - [29/Oct/2017:19:20:26 +0900] "GET /webjars/datatables/1.10.16/media/js/jquery.dataTables.min.js HTTP/1.1" 200 27879 "http://localhost:8080/" "Mozilla/5.0 (Windows NT 10.0; Win64; x64) AppleWebKit/537.36 (KHTML, like Gecko) Chrome/61.0.3163.100 Safari/537.36"
0:0:0:0:0:0:0:1 - - [29/Oct/2017:19:20:26 +0900] "GET /webjars/morrisjs/0.5.0/morris.min.js HTTP/1.1" 200 9991 "http://localhost:8080/" "Mozilla/5.0 (Windows NT 10.0; Win64; x64) AppleWebKit/537.36 (KHTML, like Gecko) Chrome/61.0.3163.100 Safari/537.36"
0:0:0:0:0:0:0:1 - - [29/Oct/2017:19:20:26 +0900] "GET /vendor/js/morris-data.js HTTP/1.1" 200 684 "http://localhost:8080/" "Mozilla/5.0 (Windows NT 10.0; Win64; x64) AppleWebKit/537.36 (KHTML, like Gecko) Chrome/61.0.3163.100 Safari/537.36"
0:0:0:0:0:0:0:1 - - [29/Oct/2017:19:20:26 +0900] "GET /webjars/raphaeljs/2.1.2/raphael-min.js HTTP/1.1" 200 31604 "http://localhost:8080/" "Mozilla/5.0 (Windows NT 10.0; Win64; x64) AppleWebKit/537.36 (KHTML, like Gecko) Chrome/61.0.3163.100 Safari/537.36"
0:0:0:0:0:0:0:1 - - [29/Oct/2017:19:20:26 +0900] "GET /webjars/flot/0.8.3/jquery.flot.pie.min.js HTTP/1.1" 200 3590 "http://localhost:8080/" "Mozilla/5.0 (Windows NT 10.0; Win64; x64) AppleWebKit/537.36 (KHTML, like Gecko) Chrome/61.0.3163.100 Safari/537.36"
0:0:0:0:0:0:0:1 - - [29/Oct/2017:19:20:26 +0900] "GET /webjars/font-awesome/4.6.3/fonts/fontawesome-webfont.woff2?v=4.6.3 HTTP/1.1" 200 71896 "http://localhost:8080/webjars/font-awesome/4.6.3/css/font-awesome.min.css" "Mozilla/5.0 (Windows NT 10.0; Win64; x64) AppleWebKit/537.36 (KHTML, like Gecko) Chrome/61.0.3163.100 Safari/537.36"
0:0:0:0:0:0:0:1 - - [29/Oct/2017:19:20:26 +0900] "GET /webjars/flot.tooltip/0.8.5/js/excanvas.min.js HTTP/1.1" 200 7558 "http://localhost:8080/" "Mozilla/5.0 (Windows NT 10.0; Win64; x64) AppleWebKit/537.36 (KHTML, like Gecko) Chrome/61.0.3163.100 Safari/537.36"
0:0:0:0:0:0:0:1 - - [29/Oct/2017:19:20:26 +0900] "GET /webjars/flot/0.8.3/jquery.flot.min.js HTTP/1.1" 200 14625 "http://localhost:8080/" "Mozilla/5.0 (Windows NT 10.0; Win64; x64) AppleWebKit/537.36 (KHTML, like Gecko) Chrome/61.0.3163.100 Safari/537.36"
0:0:0:0:0:0:0:1 - - [29/Oct/2017:19:20:26 +0900] "GET /webjars/flot/0.8.3/jquery.flot.resize.min.js HTTP/1.1" 200 1046 "http://localhost:8080/" "Mozilla/5.0 (Windows NT 10.0; Win64; x64) AppleWebKit/537.36 (KHTML, like Gecko) Chrome/61.0.3163.100 Safari/537.36"
0:0:0:0:0:0:0:1 - - [29/Oct/2017:19:20:26 +0900] "GET /webjars/flot/0.8.3/jquery.flot.time.min.js HTTP/1.1" 200 2338 "http://localhost:8080/" "Mozilla/5.0 (Windows NT 10.0; Win64; x64) AppleWebKit/537.36 (KHTML, like Gecko) Chrome/61.0.3163.100 Safari/537.36"
0:0:0:0:0:0:0:1 - - [29/Oct/2017:19:20:26 +0900] "GET /webjars/flot.tooltip/0.8.5/js/jquery.flot.tooltip.min.js HTTP/1.1" 200 2761 "http://localhost:8080/" "Mozilla/5.0 (Windows NT 10.0; Win64; x64) AppleWebKit/537.36 (KHTML, like Gecko) Chrome/61.0.3163.100 Safari/537.36"
0:0:0:0:0:0:0:1 - - [29/Oct/2017:19:20:26 +0900] "GET /vendor/js/sb-admin-2.min.js HTTP/1.1" 200 496 "http://localhost:8080/" "Mozilla/5.0 (Windows NT 10.0; Win64; x64) AppleWebKit/537.36 (KHTML, like Gecko) Chrome/61.0.3163.100 Safari/537.36"
0:0:0:0:0:0:0:1 - - [29/Oct/2017:19:20:26 +0900] "GET /vendor/js/flot-data.js HTTP/1.1" 200 8811 "http://localhost:8080/" "Mozilla/5.0 (Windows NT 10.0; Win64; x64) AppleWebKit/537.36 (KHTML, like Gecko) Chrome/61.0.3163.100 Safari/537.36"
0:0:0:0:0:0:0:1 - - [29/Oct/2017:19:20:32 +0900] "GET /pet HTTP/1.1" 500 196 "-" "Mozilla/5.0 (Windows NT 10.0; Win64; x64) AppleWebKit/537.36 (KHTML, like Gecko) Chrome/61.0.3163.100 Safari/537.36"
0:0:0:0:0:0:0:1 - - [29/Oct/2017:19:31:26 +0900] "GET /pet HTTP/1.1" 500 196 "-" "Mozilla/5.0 (Windows NT 10.0; Win64; x64) AppleWebKit/537.36 (KHTML, like Gecko) Chrome/61.0.3163.100 Safari/537.36"
0:0:0:0:0:0:0:1 - - [29/Oct/2017:19:44:56 +0900] "GET /pet HTTP/1.1" 500 196 "-" "Mozilla/5.0 (Windows NT 10.0; Win64; x64) AppleWebKit/537.36 (KHTML, like Gecko) Chrome/61.0.3163.100 Safari/537.36"
